<?xml version="1.0" encoding="UTF-8"?>
<testng-results ignored="0" total="1" passed="1" failed="0" skipped="0">
  <reporter-output>
  </reporter-output>
  <suite started-at="2022-10-03T18:51:01 IST" name="Default suite" finished-at="2022-10-03T18:51:53 IST" duration-ms="52741">
    <groups>
    </groups>
    <test started-at="2022-10-03T18:51:01 IST" name="Default test" finished-at="2022-10-03T18:51:53 IST" duration-ms="52741">
      <class name="log">
        <test-method signature="f()[pri:0, instance:log@21e360a]" started-at="2022-10-03T18:51:01 IST" name="f" finished-at="2022-10-03T18:51:53 IST" duration-ms="52681" status="PASS">
          <reporter-output>
          </reporter-output>
        </test-method> <!-- f -->
      </class> <!-- log -->
    </test> <!-- Default test -->
  </suite> <!-- Default suite -->
</testng-results>
